<md:EntityDescriptor xmlns:md="urn:oasis:names:tc:SAML:2.0:metadata" validUntil="2021-05-28T13:45:05Z" cacheDuration="PT604800S" entityID="urn:nl-eid-gdi:1.0:DV:00000002003182447001:entities:9001" ID="ONELOGIN_5d521ee5f40842df26a9587c3af7a44e92bc6350">
    <ds:Signature xmlns:ds="http://www.w3.org/2000/09/xmldsig#">
        <ds:SignedInfo>
            <ds:CanonicalizationMethod Algorithm="http://www.w3.org/2001/10/xml-exc-c14n#" />
            <ds:SignatureMethod Algorithm="http://www.w3.org/2001/04/xmldsig-more#rsa-sha256" />
            <ds:Reference URI="#ONELOGIN_5d521ee5f40842df26a9587c3af7a44e92bc6350">
                <ds:Transforms>
                    <ds:Transform Algorithm="http://www.w3.org/2000/09/xmldsig#enveloped-signature" />
                    <ds:Transform Algorithm="http://www.w3.org/2001/10/xml-exc-c14n#" />
                </ds:Transforms>
                <ds:DigestMethod Algorithm="http://www.w3.org/2001/04/xmlenc#sha256" />
                <ds:DigestValue>tmdhgdhfQo1C1/HyWQDHuEByqf1rdlKSuGNfjequqkg=</ds:DigestValue>
            </ds:Reference>
        </ds:SignedInfo>
        <ds:SignatureValue>eTxGPper9UzSPMV7Zt88VbBXI1kxRONqy33CZjsxVWTc44cxu0VwMT3De1dhwApz
/WliBYVQi0vsR4rErRMOvO2dWmmQCCqWbVa30zbUzNdV2RTLHAed6J1eW/rbhC4i
fH/QBxzS8XM/7BdneEu+9DVuXdWUGUnkFKwM4ybRA/Rsz1BFyoaVYddDmxYuO7Wf
9AXzotpm+H3w8WfFiP6H4JhBllDXA/a3egE0RVq9hoWMAHCBvOKm47sP1VUmmjKa
MacWg6seGXNCk+vFmaIkfrzYosM17rkVKGU3Hjg1ByPpC9clGKluxE4pIpVIz+lX
dIFZO7QPUYvrWtTmlBcmGA==</ds:SignatureValue>
        <ds:KeyInfo>
            <ds:X509Data>
                <ds:X509Certificate>MIIHoTCCBYmgAwIBAgIUDL5Wm0wtlDNq3tguRJjGR9F7vawwDQYJKoZIhvcNAQEL
BQAwSTELMAkGA1UEBhMCTkwxETAPBgNVBAoMCEtQTiBCLlYuMScwJQYDVQQDDB5L
UE4gUEtJb3ZlcmhlaWQgU2VydmVyIENBIDIwMjAwHhcNMjEwMTE0MTUxMDEzWhcN
MjIwMTE0MTUxMDEzWjCBhDELMAkGA1UEBhMCTkwxFjAUBgNVBAcMDSdzLUdyYXZl
bmhhZ2UxOTA3BgNVBAoMME1pbmlzdGVyaWUgdmFuIFZvbGtzZ2V6b25kaGVpZCwg
V2VsemlqbiBlbiBTcG9ydDEiMCAGA1UEAwwZZGF0YS10ZXN0LmNvcm9uYXRlc3Rl
ci5ubDCCASIwDQYJKoZIhvcNAQEBBQADggEPADCCAQoCggEBAL6/xa8zy+ZuDbAw
Nf90XEHoJ0bCKPyoIi79L/klngEu2QTV7I3YNsMnMbhVJ/WBfy7k3Cm49HjAysCu
m10+3UZHlCi3YfSa+b1DK4vuyMae4xE64MJN6JhIQgi/5g6VN8JrvShWj2yGUVAs
3eM9uaZM3kREe2Qmc0R7jYO6OTNBleOweRmwwanPQtGhqVE83rcv+NdJmN5WL6Ta
0/z6hTX5OuRNTapLEEBAe4CwR9+XWftmitWTCCwyW1+FV2q7tShnGI7hLQ91hL7T
imYsXe/dH97mU/CWwqKEeRv440r39C5RJEL7D61vCIsWHv8JKX4IWR+n+nCmyhd0
oEsN2g8CAwEAAaOCA0MwggM/MAwGA1UdEwEB/wQCMAAwHwYDVR0jBBgwFoAUCEqq
u5kkb75bB/GliplbLUfvuTwwgYkGCCsGAQUFBwEBBH0wezBNBggrBgEFBQcwAoZB
aHR0cDovL2NlcnQubWFuYWdlZHBraS5jb20vQ0FjZXJ0cy9LUE5QS0lvdmVyaGVp
ZFNlcnZlckNBMjAyMC5jZXIwKgYIKwYBBQUHMAGGHmh0dHA6Ly9vY3NwMjAyMC5t
YW5hZ2VkcGtpLmNvbTAkBgNVHREEHTAbghlkYXRhLXRlc3QuY29yb25hdGVzdGVy
Lm5sMIGxBgNVHSAEgakwgaYwCAYGZ4EMAQICMIGZBgpghBABh2sBAgUJMIGKMDcG
CCsGAQUFBwIBFitodHRwczovL2NlcnRpZmljYWF0Lmtwbi5jb20vcGtpb3Zlcmhl
aWQvY3BzME8GCCsGAQUFBwICMEMMQU9wIGRpdCBjZXJ0aWZpY2FhdCBpcyBoZXQg
Q1BTIFBLSW92ZXJoZWlkIHZhbiBLUE4gdmFuIHRvZXBhc3NpbmcuMB0GA1UdJQQW
MBQGCCsGAQUFBwMCBggrBgEFBQcDATBTBgNVHR8ETDBKMEigRqBEhkJodHRwOi8v
Y3JsLm1hbmFnZWRwa2kuY29tL0tQTlBLSW92ZXJoZWlkU2VydmVyQ0EyMDIwL0xh
dGVzdENSTC5jcmwwHQYDVR0OBBYEFL9Q5jn5tIUi/JgPZsE9pLVes2toMA4GA1Ud
DwEB/wQEAwIFoDCCAQMGCisGAQQB1nkCBAIEgfQEgfEA7wB2AEalVet1+pEgMLWi
iWn0830RLEF0vv1JuIWr8vxw/m1HAAABdwFyy1gAAAQDAEcwRQIhAK3dVKcxwznm
QZw7rxL1bzAZzME9HQmxraU416Ucm69tAiAoCY2wwsaqhi6qwRTRYEKwE4IsIYwd
qb6NqZJqkRK4rQB1AG9Tdqwx8DEZ2JkApFEV/3cVHBHZAsEAKQaNsgiaN9kTAAAB
dwFyy48AAAQDAEYwRAIgTfa7OKMw1r3eRyd94z7DxMfyt2uJYCqxtd4H+80jcycC
IFLpUFJe5XM1iH0ZYq+rusfpI743DBvpqRmr0Jrc3zQ6MA0GCSqGSIb3DQEBCwUA
A4ICAQAimxtf9hCx60Rsq0pkGZfFWY/k7vv2HXFR8P1U1fHNkdAR8jkhPwLbGRRe
xWQmbNTasdB6KDmgSPFEbTRAjVuY1vRnKCNeVVxn8YIRRDABCp+Wz5MdgOL3YXeb
p2E/cY74bBhMOcF3y1eE7NIpEAIq4Nyg7K7ck9G3R+mejyM9y1J6Mipqza+cd9Lc
o9s5A/7uHhlllDi2QIePhFxps71EYlJjvweDA8waAr8oduPvTbGQoAVWwfUgLO1O
Bt52B3sAkwioKsVmJ7S70YXSGLl4MjeNi7Y+IG0ptTwLtiTGbO/EmdwhYNsdew3G
M2X9K+pmvLj/MLmrdWrKwTFSXssyubyplFIApvtkQe3s8AaVMS9qSj7r9C8fladQ
qGZTh4oqyMTlLchU+F3NumhSmXFjDhuE37gZehZtmLeS2SbPA9YuB/f15pBnUuxt
10AztyfcgqrMLgpQ6h5kOX62lSMQrCLwRkOBPI4fZN/DTg4ObkvNxJQAQIBXcmzC
y0Xf4MCJqdFwzLU9cvMy1EXgqxwC8QW6GWPcLTJeygWDE1kvjLLciYIXdqa2uSkT
Ac9OVST/5bvgpBMYcsB0QikggndR09Y9awyfOgVFps+Q0EEALqIZRTEJeKAhOZF5
9TpCkfI/rXVo+UxmUvlMJwrRd2UyaUuZDEMFhF11uYugKatvrw==</ds:X509Certificate>
            </ds:X509Data>
        </ds:KeyInfo>
    </ds:Signature>
    <md:SPSSODescriptor AuthnRequestsSigned="true" WantAssertionsSigned="true" protocolSupportEnumeration="urn:oasis:names:tc:SAML:2.0:protocol">
        <md:KeyDescriptor use="signing">
            <ds:KeyInfo xmlns:ds="http://www.w3.org/2000/09/xmldsig#">
                <ds:X509Data>
                    <ds:X509Certificate>MIIHoTCCBYmgAwIBAgIUDL5Wm0wtlDNq3tguRJjGR9F7vawwDQYJKoZIhvcNAQELBQAwSTELMAkGA1UEBhMCTkwxETAPBgNVBAoMCEtQTiBCLlYuMScwJQYDVQQDDB5LUE4gUEtJb3ZlcmhlaWQgU2VydmVyIENBIDIwMjAwHhcNMjEwMTE0MTUxMDEzWhcNMjIwMTE0MTUxMDEzWjCBhDELMAkGA1UEBhMCTkwxFjAUBgNVBAcMDSdzLUdyYXZlbmhhZ2UxOTA3BgNVBAoMME1pbmlzdGVyaWUgdmFuIFZvbGtzZ2V6b25kaGVpZCwgV2VsemlqbiBlbiBTcG9ydDEiMCAGA1UEAwwZZGF0YS10ZXN0LmNvcm9uYXRlc3Rlci5ubDCCASIwDQYJKoZIhvcNAQEBBQADggEPADCCAQoCggEBAL6/xa8zy+ZuDbAwNf90XEHoJ0bCKPyoIi79L/klngEu2QTV7I3YNsMnMbhVJ/WBfy7k3Cm49HjAysCum10+3UZHlCi3YfSa+b1DK4vuyMae4xE64MJN6JhIQgi/5g6VN8JrvShWj2yGUVAs3eM9uaZM3kREe2Qmc0R7jYO6OTNBleOweRmwwanPQtGhqVE83rcv+NdJmN5WL6Ta0/z6hTX5OuRNTapLEEBAe4CwR9+XWftmitWTCCwyW1+FV2q7tShnGI7hLQ91hL7TimYsXe/dH97mU/CWwqKEeRv440r39C5RJEL7D61vCIsWHv8JKX4IWR+n+nCmyhd0oEsN2g8CAwEAAaOCA0MwggM/MAwGA1UdEwEB/wQCMAAwHwYDVR0jBBgwFoAUCEqqu5kkb75bB/GliplbLUfvuTwwgYkGCCsGAQUFBwEBBH0wezBNBggrBgEFBQcwAoZBaHR0cDovL2NlcnQubWFuYWdlZHBraS5jb20vQ0FjZXJ0cy9LUE5QS0lvdmVyaGVpZFNlcnZlckNBMjAyMC5jZXIwKgYIKwYBBQUHMAGGHmh0dHA6Ly9vY3NwMjAyMC5tYW5hZ2VkcGtpLmNvbTAkBgNVHREEHTAbghlkYXRhLXRlc3QuY29yb25hdGVzdGVyLm5sMIGxBgNVHSAEgakwgaYwCAYGZ4EMAQICMIGZBgpghBABh2sBAgUJMIGKMDcGCCsGAQUFBwIBFitodHRwczovL2NlcnRpZmljYWF0Lmtwbi5jb20vcGtpb3ZlcmhlaWQvY3BzME8GCCsGAQUFBwICMEMMQU9wIGRpdCBjZXJ0aWZpY2FhdCBpcyBoZXQgQ1BTIFBLSW92ZXJoZWlkIHZhbiBLUE4gdmFuIHRvZXBhc3NpbmcuMB0GA1UdJQQWMBQGCCsGAQUFBwMCBggrBgEFBQcDATBTBgNVHR8ETDBKMEigRqBEhkJodHRwOi8vY3JsLm1hbmFnZWRwa2kuY29tL0tQTlBLSW92ZXJoZWlkU2VydmVyQ0EyMDIwL0xhdGVzdENSTC5jcmwwHQYDVR0OBBYEFL9Q5jn5tIUi/JgPZsE9pLVes2toMA4GA1UdDwEB/wQEAwIFoDCCAQMGCisGAQQB1nkCBAIEgfQEgfEA7wB2AEalVet1+pEgMLWiiWn0830RLEF0vv1JuIWr8vxw/m1HAAABdwFyy1gAAAQDAEcwRQIhAK3dVKcxwznmQZw7rxL1bzAZzME9HQmxraU416Ucm69tAiAoCY2wwsaqhi6qwRTRYEKwE4IsIYwdqb6NqZJqkRK4rQB1AG9Tdqwx8DEZ2JkApFEV/3cVHBHZAsEAKQaNsgiaN9kTAAABdwFyy48AAAQDAEYwRAIgTfa7OKMw1r3eRyd94z7DxMfyt2uJYCqxtd4H+80jcycCIFLpUFJe5XM1iH0ZYq+rusfpI743DBvpqRmr0Jrc3zQ6MA0GCSqGSIb3DQEBCwUAA4ICAQAimxtf9hCx60Rsq0pkGZfFWY/k7vv2HXFR8P1U1fHNkdAR8jkhPwLbGRRexWQmbNTasdB6KDmgSPFEbTRAjVuY1vRnKCNeVVxn8YIRRDABCp+Wz5MdgOL3YXebp2E/cY74bBhMOcF3y1eE7NIpEAIq4Nyg7K7ck9G3R+mejyM9y1J6Mipqza+cd9Lco9s5A/7uHhlllDi2QIePhFxps71EYlJjvweDA8waAr8oduPvTbGQoAVWwfUgLO1OBt52B3sAkwioKsVmJ7S70YXSGLl4MjeNi7Y+IG0ptTwLtiTGbO/EmdwhYNsdew3GM2X9K+pmvLj/MLmrdWrKwTFSXssyubyplFIApvtkQe3s8AaVMS9qSj7r9C8fladQqGZTh4oqyMTlLchU+F3NumhSmXFjDhuE37gZehZtmLeS2SbPA9YuB/f15pBnUuxt10AztyfcgqrMLgpQ6h5kOX62lSMQrCLwRkOBPI4fZN/DTg4ObkvNxJQAQIBXcmzCy0Xf4MCJqdFwzLU9cvMy1EXgqxwC8QW6GWPcLTJeygWDE1kvjLLciYIXdqa2uSkTAc9OVST/5bvgpBMYcsB0QikggndR09Y9awyfOgVFps+Q0EEALqIZRTEJeKAhOZF59TpCkfI/rXVo+UxmUvlMJwrRd2UyaUuZDEMFhF11uYugKatvrw==</ds:X509Certificate>
                </ds:X509Data>
            </ds:KeyInfo>
        </md:KeyDescriptor>
        <md:KeyDescriptor use="encryption">
            <ds:KeyInfo xmlns:ds="http://www.w3.org/2000/09/xmldsig#">
                <ds:X509Data>
                    <ds:X509Certificate>MIIHoTCCBYmgAwIBAgIUDL5Wm0wtlDNq3tguRJjGR9F7vawwDQYJKoZIhvcNAQELBQAwSTELMAkGA1UEBhMCTkwxETAPBgNVBAoMCEtQTiBCLlYuMScwJQYDVQQDDB5LUE4gUEtJb3ZlcmhlaWQgU2VydmVyIENBIDIwMjAwHhcNMjEwMTE0MTUxMDEzWhcNMjIwMTE0MTUxMDEzWjCBhDELMAkGA1UEBhMCTkwxFjAUBgNVBAcMDSdzLUdyYXZlbmhhZ2UxOTA3BgNVBAoMME1pbmlzdGVyaWUgdmFuIFZvbGtzZ2V6b25kaGVpZCwgV2VsemlqbiBlbiBTcG9ydDEiMCAGA1UEAwwZZGF0YS10ZXN0LmNvcm9uYXRlc3Rlci5ubDCCASIwDQYJKoZIhvcNAQEBBQADggEPADCCAQoCggEBAL6/xa8zy+ZuDbAwNf90XEHoJ0bCKPyoIi79L/klngEu2QTV7I3YNsMnMbhVJ/WBfy7k3Cm49HjAysCum10+3UZHlCi3YfSa+b1DK4vuyMae4xE64MJN6JhIQgi/5g6VN8JrvShWj2yGUVAs3eM9uaZM3kREe2Qmc0R7jYO6OTNBleOweRmwwanPQtGhqVE83rcv+NdJmN5WL6Ta0/z6hTX5OuRNTapLEEBAe4CwR9+XWftmitWTCCwyW1+FV2q7tShnGI7hLQ91hL7TimYsXe/dH97mU/CWwqKEeRv440r39C5RJEL7D61vCIsWHv8JKX4IWR+n+nCmyhd0oEsN2g8CAwEAAaOCA0MwggM/MAwGA1UdEwEB/wQCMAAwHwYDVR0jBBgwFoAUCEqqu5kkb75bB/GliplbLUfvuTwwgYkGCCsGAQUFBwEBBH0wezBNBggrBgEFBQcwAoZBaHR0cDovL2NlcnQubWFuYWdlZHBraS5jb20vQ0FjZXJ0cy9LUE5QS0lvdmVyaGVpZFNlcnZlckNBMjAyMC5jZXIwKgYIKwYBBQUHMAGGHmh0dHA6Ly9vY3NwMjAyMC5tYW5hZ2VkcGtpLmNvbTAkBgNVHREEHTAbghlkYXRhLXRlc3QuY29yb25hdGVzdGVyLm5sMIGxBgNVHSAEgakwgaYwCAYGZ4EMAQICMIGZBgpghBABh2sBAgUJMIGKMDcGCCsGAQUFBwIBFitodHRwczovL2NlcnRpZmljYWF0Lmtwbi5jb20vcGtpb3ZlcmhlaWQvY3BzME8GCCsGAQUFBwICMEMMQU9wIGRpdCBjZXJ0aWZpY2FhdCBpcyBoZXQgQ1BTIFBLSW92ZXJoZWlkIHZhbiBLUE4gdmFuIHRvZXBhc3NpbmcuMB0GA1UdJQQWMBQGCCsGAQUFBwMCBggrBgEFBQcDATBTBgNVHR8ETDBKMEigRqBEhkJodHRwOi8vY3JsLm1hbmFnZWRwa2kuY29tL0tQTlBLSW92ZXJoZWlkU2VydmVyQ0EyMDIwL0xhdGVzdENSTC5jcmwwHQYDVR0OBBYEFL9Q5jn5tIUi/JgPZsE9pLVes2toMA4GA1UdDwEB/wQEAwIFoDCCAQMGCisGAQQB1nkCBAIEgfQEgfEA7wB2AEalVet1+pEgMLWiiWn0830RLEF0vv1JuIWr8vxw/m1HAAABdwFyy1gAAAQDAEcwRQIhAK3dVKcxwznmQZw7rxL1bzAZzME9HQmxraU416Ucm69tAiAoCY2wwsaqhi6qwRTRYEKwE4IsIYwdqb6NqZJqkRK4rQB1AG9Tdqwx8DEZ2JkApFEV/3cVHBHZAsEAKQaNsgiaN9kTAAABdwFyy48AAAQDAEYwRAIgTfa7OKMw1r3eRyd94z7DxMfyt2uJYCqxtd4H+80jcycCIFLpUFJe5XM1iH0ZYq+rusfpI743DBvpqRmr0Jrc3zQ6MA0GCSqGSIb3DQEBCwUAA4ICAQAimxtf9hCx60Rsq0pkGZfFWY/k7vv2HXFR8P1U1fHNkdAR8jkhPwLbGRRexWQmbNTasdB6KDmgSPFEbTRAjVuY1vRnKCNeVVxn8YIRRDABCp+Wz5MdgOL3YXebp2E/cY74bBhMOcF3y1eE7NIpEAIq4Nyg7K7ck9G3R+mejyM9y1J6Mipqza+cd9Lco9s5A/7uHhlllDi2QIePhFxps71EYlJjvweDA8waAr8oduPvTbGQoAVWwfUgLO1OBt52B3sAkwioKsVmJ7S70YXSGLl4MjeNi7Y+IG0ptTwLtiTGbO/EmdwhYNsdew3GM2X9K+pmvLj/MLmrdWrKwTFSXssyubyplFIApvtkQe3s8AaVMS9qSj7r9C8fladQqGZTh4oqyMTlLchU+F3NumhSmXFjDhuE37gZehZtmLeS2SbPA9YuB/f15pBnUuxt10AztyfcgqrMLgpQ6h5kOX62lSMQrCLwRkOBPI4fZN/DTg4ObkvNxJQAQIBXcmzCy0Xf4MCJqdFwzLU9cvMy1EXgqxwC8QW6GWPcLTJeygWDE1kvjLLciYIXdqa2uSkTAc9OVST/5bvgpBMYcsB0QikggndR09Y9awyfOgVFps+Q0EEALqIZRTEJeKAhOZF59TpCkfI/rXVo+UxmUvlMJwrRd2UyaUuZDEMFhF11uYugKatvrw==</ds:X509Certificate>
                </ds:X509Data>
            </ds:KeyInfo>
        </md:KeyDescriptor>
        <md:NameIDFormat>urn:oasis:names:tc:SAML:1.1:nameid-format:unspecified</md:NameIDFormat>
        <md:AssertionConsumerService Binding="urn:oasis:names:tc:SAML:2.0:bindings:HTTP-Artifact" Location="https://3d5861522ec9.ngrok.io/login?acs" index="1" />
        <md:AttributeConsumingService index="1">
            <md:ServiceName xml:lang="en">CoronaCheck</md:ServiceName>
            <md:ServiceDescription xml:lang="en">Test vaccinatie bewijzen inlogservice</md:ServiceDescription>
            <md:RequestedAttribute Name="urn:nl-eid-gdi:1.0:ServiceUUID" isRequired="true">
                <saml:AttributeValue xmlns:saml="urn:oasis:names:tc:SAML:2.0:assertion">c282ff81-005f-86cb-e053-0c069d0ae01a</saml:AttributeValue>
            </md:RequestedAttribute>
        </md:AttributeConsumingService>
    </md:SPSSODescriptor>
    <md:Organization>
        <md:OrganizationName xml:lang="en-US">MinVWS</md:OrganizationName>
        <md:OrganizationDisplayName xml:lang="en-US">Ministerie van Volksgezondheid, Welzijn en Sport</md:OrganizationDisplayName>
        <md:OrganizationURL xml:lang="en-US">https://www.rijksoverheid.nl/ministeries/ministerie-van-volksgezondheid-welzijn-en-sport</md:OrganizationURL>
    </md:Organization>
    <md:ContactPerson contactType="technical">
        <md:GivenName>Helpdesk</md:GivenName>
        <md:EmailAddress>helpdesk@rdobeheer.nl</md:EmailAddress>
    </md:ContactPerson>
</md:EntityDescriptor>